# JRE version: Java(TM) SE Runtime Environment (8.0_321-b07) (build 1.8.0_321-b07)
# Java VM: Java HotSpot(TM) 64-Bit Server VM (25.321-b07 mixed mode bsd-amd64 compressed oops)
Heap:
 PSYoungGen      total 33280K, used 9297K [0x0000000795580000, 0x0000000797b00000, 0x00000007c0000000)
  eden space 32256K, 25% used [0x0000000795580000,0x0000000795da07b8,0x0000000797500000)
  from space 1024K, 95% used [0x0000000797a00000,0x0000000797af4010,0x0000000797b00000)
  to   space 1536K, 0% used [0x0000000797800000,0x0000000797800000,0x0000000797980000)
 ParOldGen       total 87552K, used 8K [0x0000000740000000, 0x0000000745580000, 0x0000000795580000)
  object space 87552K, 0% used [0x0000000740000000,0x0000000740002000,0x0000000745580000)
 Metaspace       used 4178K, capacity 4712K, committed 4864K, reserved 1056768K
  class space    used 460K, capacity 464K, committed 512K, reserved 1048576K
GC Heap History (10 events):
Event: 12.521 GC heap before
{Heap before GC invocations=2 (full 0):
 PSYoungGen      total 38400K, used 34320K [0x0000000795580000, 0x0000000798000000, 0x00000007c0000000)
  eden space 33280K, 100% used [0x0000000795580000,0x0000000797600000,0x0000000797600000)
  from space 5120K, 20% used [0x0000000797600000,0x0000000797704010,0x0000000797b00000)
  to   space 5120K, 0% used [0x0000000797b00000,0x0000000797b00000,0x0000000798000000)
 ParOldGen       total 87552K, used 8K [0x0000000740000000, 0x0000000745580000, 0x0000000795580000)
  object space 87552K, 0% used [0x0000000740000000,0x0000000740002000,0x0000000745580000)
 Metaspace       used 4178K, capacity 4712K, committed 4864K, reserved 1056768K
  class space    used 460K, capacity 464K, committed 512K, reserved 1048576K
Event: 12.523 GC heap after
Heap after GC invocations=2 (full 0):
 PSYoungGen      total 38400K, used 1040K [0x0000000795580000, 0x0000000798000000, 0x00000007c0000000)
  eden space 33280K, 0% used [0x0000000795580000,0x0000000795580000,0x0000000797600000)
  from space 5120K, 20% used [0x0000000797b00000,0x0000000797c04010,0x0000000798000000)
  to   space 5120K, 0% used [0x0000000797600000,0x0000000797600000,0x0000000797b00000)
 ParOldGen       total 87552K, used 8K [0x0000000740000000, 0x0000000745580000, 0x0000000795580000)
  object space 87552K, 0% used [0x0000000740000000,0x0000000740002000,0x0000000745580000)
 Metaspace       used 4178K, capacity 4712K, committed 4864K, reserved 1056768K
  class space    used 460K, capacity 464K, committed 512K, reserved 1048576K
}
Event: 13.307 GC heap before
{Heap before GC invocations=3 (full 0):
 PSYoungGen      total 38400K, used 34320K [0x0000000795580000, 0x0000000798000000, 0x00000007c0000000)
  eden space 33280K, 100% used [0x0000000795580000,0x0000000797600000,0x0000000797600000)
  from space 5120K, 20% used [0x0000000797b00000,0x0000000797c04010,0x0000000798000000)
  to   space 5120K, 0% used [0x0000000797600000,0x0000000797600000,0x0000000797b00000)
 ParOldGen       total 87552K, used 8K [0x0000000740000000, 0x0000000745580000, 0x0000000795580000)
  object space 87552K, 0% used [0x0000000740000000,0x0000000740002000,0x0000000745580000)
 Metaspace       used 4178K, capacity 4712K, committed 4864K, reserved 1056768K
  class space    used 460K, capacity 464K, committed 512K, reserved 1048576K
Event: 13.309 GC heap after
Heap after GC invocations=3 (full 0):
 PSYoungGen      total 38400K, used 960K [0x0000000795580000, 0x0000000798000000, 0x00000007c0000000)
  eden space 33280K, 0% used [0x0000000795580000,0x0000000795580000,0x0000000797600000)
  from space 5120K, 18% used [0x0000000797600000,0x00000007976f0020,0x0000000797b00000)
  to   space 5120K, 0% used [0x0000000797b00000,0x0000000797b00000,0x0000000798000000)
 ParOldGen       total 87552K, used 8K [0x0000000740000000, 0x0000000745580000, 0x0000000795580000)
  object space 87552K, 0% used [0x0000000740000000,0x0000000740002000,0x0000000745580000)
 Metaspace       used 4178K, capacity 4712K, committed 4864K, reserved 1056768K
  class space    used 460K, capacity 464K, committed 512K, reserved 1048576K
}
Event: 14.026 GC heap before
{Heap before GC invocations=4 (full 0):
 PSYoungGen      total 38400K, used 34240K [0x0000000795580000, 0x0000000798000000, 0x00000007c0000000)
  eden space 33280K, 100% used [0x0000000795580000,0x0000000797600000,0x0000000797600000)
  from space 5120K, 18% used [0x0000000797600000,0x00000007976f0020,0x0000000797b00000)
  to   space 5120K, 0% used [0x0000000797b00000,0x0000000797b00000,0x0000000798000000)
 ParOldGen       total 87552K, used 8K [0x0000000740000000, 0x0000000745580000, 0x0000000795580000)
  object space 87552K, 0% used [0x0000000740000000,0x0000000740002000,0x0000000745580000)
 Metaspace       used 4178K, capacity 4712K, committed 4864K, reserved 1056768K
  class space    used 460K, capacity 464K, committed 512K, reserved 1048576K
Event: 14.028 GC heap after
Heap after GC invocations=4 (full 0):
 PSYoungGen      total 38400K, used 1024K [0x0000000795580000, 0x0000000798000000, 0x00000007c0000000)
  eden space 33280K, 0% used [0x0000000795580000,0x0000000795580000,0x0000000797600000)
  from space 5120K, 20% used [0x0000000797b00000,0x0000000797c00020,0x0000000798000000)
  to   space 5120K, 0% used [0x0000000797600000,0x0000000797600000,0x0000000797b00000)
 ParOldGen       total 87552K, used 8K [0x0000000740000000, 0x0000000745580000, 0x0000000795580000)
  object space 87552K, 0% used [0x0000000740000000,0x0000000740002000,0x0000000745580000)
 Metaspace       used 4178K, capacity 4712K, committed 4864K, reserved 1056768K
  class space    used 460K, capacity 464K, committed 512K, reserved 1048576K
}
Event: 14.635 GC heap before
{Heap before GC invocations=5 (full 0):
 PSYoungGen      total 38400K, used 34304K [0x0000000795580000, 0x0000000798000000, 0x00000007c0000000)
  eden space 33280K, 100% used [0x0000000795580000,0x0000000797600000,0x0000000797600000)
  from space 5120K, 20% used [0x0000000797b00000,0x0000000797c00020,0x0000000798000000)
  to   space 5120K, 0% used [0x0000000797600000,0x0000000797600000,0x0000000797b00000)
 ParOldGen       total 87552K, used 8K [0x0000000740000000, 0x0000000745580000, 0x0000000795580000)
  object space 87552K, 0% used [0x0000000740000000,0x0000000740002000,0x0000000745580000)
 Metaspace       used 4178K, capacity 4712K, committed 4864K, reserved 1056768K
  class space    used 460K, capacity 464K, committed 512K, reserved 1048576K
Event: 14.637 GC heap after
Heap after GC invocations=5 (full 0):
 PSYoungGen      total 34304K, used 1040K [0x0000000795580000, 0x0000000797b80000, 0x00000007c0000000)
  eden space 32768K, 0% used [0x0000000795580000,0x0000000795580000,0x0000000797580000)
  from space 1536K, 67% used [0x0000000797600000,0x0000000797704010,0x0000000797780000)
  to   space 1536K, 0% used [0x0000000797a00000,0x0000000797a00000,0x0000000797b80000)
 ParOldGen       total 87552K, used 8K [0x0000000740000000, 0x0000000745580000, 0x0000000795580000)
  object space 87552K, 0% used [0x0000000740000000,0x0000000740002000,0x0000000745580000)
 Metaspace       used 4178K, capacity 4712K, committed 4864K, reserved 1056768K
  class space    used 460K, capacity 464K, committed 512K, reserved 1048576K
}
Event: 15.473 GC heap before
{Heap before GC invocations=6 (full 0):
 PSYoungGen      total 34304K, used 33808K [0x0000000795580000, 0x0000000797b80000, 0x00000007c0000000)
  eden space 32768K, 100% used [0x0000000795580000,0x0000000797580000,0x0000000797580000)
  from space 1536K, 67% used [0x0000000797600000,0x0000000797704010,0x0000000797780000)
  to   space 1536K, 0% used [0x0000000797a00000,0x0000000797a00000,0x0000000797b80000)
 ParOldGen       total 87552K, used 8K [0x0000000740000000, 0x0000000745580000, 0x0000000795580000)
  object space 87552K, 0% used [0x0000000740000000,0x0000000740002000,0x0000000745580000)
 Metaspace       used 4178K, capacity 4712K, committed 4864K, reserved 1056768K
  class space    used 460K, capacity 464K, committed 512K, reserved 1048576K
Event: 15.474 GC heap after
Heap after GC invocations=6 (full 0):
 PSYoungGen      total 33280K, used 976K [0x0000000795580000, 0x0000000797b00000, 0x00000007c0000000)
  eden space 32256K, 0% used [0x0000000795580000,0x0000000795580000,0x0000000797500000)
  from space 1024K, 95% used [0x0000000797a00000,0x0000000797af4010,0x0000000797b00000)
  to   space 1536K, 0% used [0x0000000797800000,0x0000000797800000,0x0000000797980000)
 ParOldGen       total 87552K, used 8K [0x0000000740000000, 0x0000000745580000, 0x0000000795580000)
  object space 87552K, 0% used [0x0000000740000000,0x0000000740002000,0x0000000745580000)
 Metaspace       used 4178K, capacity 4712K, committed 4864K, reserved 1056768K
  class space    used 460K, capacity 464K, committed 512K, reserved 1048576K
}

