# JRE version: Java(TM) SE Runtime Environment (8.0_321-b07) (build 1.8.0_321-b07)
# Java VM: Java HotSpot(TM) 64-Bit Server VM (25.321-b07 mixed mode bsd-amd64 compressed oops)
Heap:
 PSYoungGen      total 47104K, used 32614K [0x0000000795580000, 0x00000007aed00000, 0x00000007c0000000)
  eden space 46592K, 69% used [0x0000000795580000,0x0000000797559928,0x0000000798300000)
  from space 512K, 0% used [0x00000007aec00000,0x00000007aec00000,0x00000007aec80000)
  to   space 512K, 0% used [0x00000007aec80000,0x00000007aec80000,0x00000007aed00000)
 ParOldGen       total 87552K, used 978K [0x0000000740000000, 0x0000000745580000, 0x0000000795580000)
  object space 87552K, 1% used [0x0000000740000000,0x00000007400f48f0,0x0000000745580000)
 Metaspace       used 4379K, capacity 4744K, committed 4864K, reserved 1056768K
  class space    used 481K, capacity 496K, committed 512K, reserved 1048576K
GC Heap History (10 events):
Event: 23.396 GC heap before
{Heap before GC invocations=55 (full 0):
 PSYoungGen      total 52736K, used 52224K [0x0000000795580000, 0x00000007aed00000, 0x00000007c0000000)
  eden space 52224K, 100% used [0x0000000795580000,0x0000000798880000,0x0000000798880000)
  from space 512K, 0% used [0x00000007aec80000,0x00000007aec80000,0x00000007aed00000)
  to   space 512K, 0% used [0x00000007aec00000,0x00000007aec00000,0x00000007aec80000)
 ParOldGen       total 87552K, used 978K [0x0000000740000000, 0x0000000745580000, 0x0000000795580000)
  object space 87552K, 1% used [0x0000000740000000,0x00000007400f48f0,0x0000000745580000)
 Metaspace       used 4379K, capacity 4744K, committed 4864K, reserved 1056768K
  class space    used 481K, capacity 496K, committed 512K, reserved 1048576K
Event: 23.396 GC heap after
Heap after GC invocations=55 (full 0):
 PSYoungGen      total 51200K, used 0K [0x0000000795580000, 0x00000007aed00000, 0x00000007c0000000)
  eden space 50688K, 0% used [0x0000000795580000,0x0000000795580000,0x0000000798700000)
  from space 512K, 0% used [0x00000007aec00000,0x00000007aec00000,0x00000007aec80000)
  to   space 512K, 0% used [0x00000007aec80000,0x00000007aec80000,0x00000007aed00000)
 ParOldGen       total 87552K, used 978K [0x0000000740000000, 0x0000000745580000, 0x0000000795580000)
  object space 87552K, 1% used [0x0000000740000000,0x00000007400f48f0,0x0000000745580000)
 Metaspace       used 4379K, capacity 4744K, committed 4864K, reserved 1056768K
  class space    used 481K, capacity 496K, committed 512K, reserved 1048576K
}
Event: 23.431 GC heap before
{Heap before GC invocations=56 (full 0):
 PSYoungGen      total 51200K, used 50688K [0x0000000795580000, 0x00000007aed00000, 0x00000007c0000000)
  eden space 50688K, 100% used [0x0000000795580000,0x0000000798700000,0x0000000798700000)
  from space 512K, 0% used [0x00000007aec00000,0x00000007aec00000,0x00000007aec80000)
  to   space 512K, 0% used [0x00000007aec80000,0x00000007aec80000,0x00000007aed00000)
 ParOldGen       total 87552K, used 978K [0x0000000740000000, 0x0000000745580000, 0x0000000795580000)
  object space 87552K, 1% used [0x0000000740000000,0x00000007400f48f0,0x0000000745580000)
 Metaspace       used 4379K, capacity 4744K, committed 4864K, reserved 1056768K
  class space    used 481K, capacity 496K, committed 512K, reserved 1048576K
Event: 23.431 GC heap after
Heap after GC invocations=56 (full 0):
 PSYoungGen      total 50176K, used 0K [0x0000000795580000, 0x00000007aed00000, 0x00000007c0000000)
  eden space 49664K, 0% used [0x0000000795580000,0x0000000795580000,0x0000000798600000)
  from space 512K, 0% used [0x00000007aec80000,0x00000007aec80000,0x00000007aed00000)
  to   space 512K, 0% used [0x00000007aec00000,0x00000007aec00000,0x00000007aec80000)
 ParOldGen       total 87552K, used 978K [0x0000000740000000, 0x0000000745580000, 0x0000000795580000)
  object space 87552K, 1% used [0x0000000740000000,0x00000007400f48f0,0x0000000745580000)
 Metaspace       used 4379K, capacity 4744K, committed 4864K, reserved 1056768K
  class space    used 481K, capacity 496K, committed 512K, reserved 1048576K
}
Event: 23.465 GC heap before
{Heap before GC invocations=57 (full 0):
 PSYoungGen      total 50176K, used 49664K [0x0000000795580000, 0x00000007aed00000, 0x00000007c0000000)
  eden space 49664K, 100% used [0x0000000795580000,0x0000000798600000,0x0000000798600000)
  from space 512K, 0% used [0x00000007aec80000,0x00000007aec80000,0x00000007aed00000)
  to   space 512K, 0% used [0x00000007aec00000,0x00000007aec00000,0x00000007aec80000)
 ParOldGen       total 87552K, used 978K [0x0000000740000000, 0x0000000745580000, 0x0000000795580000)
  object space 87552K, 1% used [0x0000000740000000,0x00000007400f48f0,0x0000000745580000)
 Metaspace       used 4379K, capacity 4744K, committed 4864K, reserved 1056768K
  class space    used 481K, capacity 496K, committed 512K, reserved 1048576K
Event: 23.465 GC heap after
Heap after GC invocations=57 (full 0):
 PSYoungGen      total 49152K, used 0K [0x0000000795580000, 0x00000007aed00000, 0x00000007c0000000)
  eden space 48640K, 0% used [0x0000000795580000,0x0000000795580000,0x0000000798500000)
  from space 512K, 0% used [0x00000007aec00000,0x00000007aec00000,0x00000007aec80000)
  to   space 512K, 0% used [0x00000007aec80000,0x00000007aec80000,0x00000007aed00000)
 ParOldGen       total 87552K, used 978K [0x0000000740000000, 0x0000000745580000, 0x0000000795580000)
  object space 87552K, 1% used [0x0000000740000000,0x00000007400f48f0,0x0000000745580000)
 Metaspace       used 4379K, capacity 4744K, committed 4864K, reserved 1056768K
  class space    used 481K, capacity 496K, committed 512K, reserved 1048576K
}
Event: 23.498 GC heap before
{Heap before GC invocations=58 (full 0):
 PSYoungGen      total 49152K, used 48640K [0x0000000795580000, 0x00000007aed00000, 0x00000007c0000000)
  eden space 48640K, 100% used [0x0000000795580000,0x0000000798500000,0x0000000798500000)
  from space 512K, 0% used [0x00000007aec00000,0x00000007aec00000,0x00000007aec80000)
  to   space 512K, 0% used [0x00000007aec80000,0x00000007aec80000,0x00000007aed00000)
 ParOldGen       total 87552K, used 978K [0x0000000740000000, 0x0000000745580000, 0x0000000795580000)
  object space 87552K, 1% used [0x0000000740000000,0x00000007400f48f0,0x0000000745580000)
 Metaspace       used 4379K, capacity 4744K, committed 4864K, reserved 1056768K
  class space    used 481K, capacity 496K, committed 512K, reserved 1048576K
Event: 23.498 GC heap after
Heap after GC invocations=58 (full 0):
 PSYoungGen      total 48128K, used 0K [0x0000000795580000, 0x00000007aed00000, 0x00000007c0000000)
  eden space 47616K, 0% used [0x0000000795580000,0x0000000795580000,0x0000000798400000)
  from space 512K, 0% used [0x00000007aec80000,0x00000007aec80000,0x00000007aed00000)
  to   space 512K, 0% used [0x00000007aec00000,0x00000007aec00000,0x00000007aec80000)
 ParOldGen       total 87552K, used 978K [0x0000000740000000, 0x0000000745580000, 0x0000000795580000)
  object space 87552K, 1% used [0x0000000740000000,0x00000007400f48f0,0x0000000745580000)
 Metaspace       used 4379K, capacity 4744K, committed 4864K, reserved 1056768K
  class space    used 481K, capacity 496K, committed 512K, reserved 1048576K
}
Event: 23.530 GC heap before
{Heap before GC invocations=59 (full 0):
 PSYoungGen      total 48128K, used 47616K [0x0000000795580000, 0x00000007aed00000, 0x00000007c0000000)
  eden space 47616K, 100% used [0x0000000795580000,0x0000000798400000,0x0000000798400000)
  from space 512K, 0% used [0x00000007aec80000,0x00000007aec80000,0x00000007aed00000)
  to   space 512K, 0% used [0x00000007aec00000,0x00000007aec00000,0x00000007aec80000)
 ParOldGen       total 87552K, used 978K [0x0000000740000000, 0x0000000745580000, 0x0000000795580000)
  object space 87552K, 1% used [0x0000000740000000,0x00000007400f48f0,0x0000000745580000)
 Metaspace       used 4379K, capacity 4744K, committed 4864K, reserved 1056768K
  class space    used 481K, capacity 496K, committed 512K, reserved 1048576K
Event: 23.531 GC heap after
Heap after GC invocations=59 (full 0):
 PSYoungGen      total 47104K, used 0K [0x0000000795580000, 0x00000007aed00000, 0x00000007c0000000)
  eden space 46592K, 0% used [0x0000000795580000,0x0000000795580000,0x0000000798300000)
  from space 512K, 0% used [0x00000007aec00000,0x00000007aec00000,0x00000007aec80000)
  to   space 512K, 0% used [0x00000007aec80000,0x00000007aec80000,0x00000007aed00000)
 ParOldGen       total 87552K, used 978K [0x0000000740000000, 0x0000000745580000, 0x0000000795580000)
  object space 87552K, 1% used [0x0000000740000000,0x00000007400f48f0,0x0000000745580000)
 Metaspace       used 4379K, capacity 4744K, committed 4864K, reserved 1056768K
  class space    used 481K, capacity 496K, committed 512K, reserved 1048576K
}

